2021-09-08 08:29:31.550  INFO 2288 --- [main] com.example.EMS_UST.EmsUstApplication    : Starting EmsUstApplication using Java 16.0.1 on LAPTOP-PPBK2V0A with PID 2288 (D:\EMS_UST\target\classes started by AMITHA in D:\EMS_UST)
2021-09-08 08:29:31.665  INFO 2288 --- [main] com.example.EMS_UST.EmsUstApplication    : No active profile set, falling back to default profiles: default
2021-09-08 08:29:41.484  INFO 2288 --- [main] .s.d.r.c.RepositoryConfigurationDelegate : Bootstrapping Spring Data JPA repositories in DEFAULT mode.
2021-09-08 08:29:41.880  INFO 2288 --- [main] .s.d.r.c.RepositoryConfigurationDelegate : Finished Spring Data repository scanning in 359 ms. Found 1 JPA repository interfaces.
2021-09-08 08:29:44.562  INFO 2288 --- [main] o.s.b.w.embedded.tomcat.TomcatWebServer  : Tomcat initialized with port(s): 8080 (http)
2021-09-08 08:29:44.582  INFO 2288 --- [main] o.apache.catalina.core.StandardService   : Starting service [Tomcat]
2021-09-08 08:29:44.583  INFO 2288 --- [main] org.apache.catalina.core.StandardEngine  : Starting Servlet engine: [Apache Tomcat/9.0.52]
2021-09-08 08:29:44.978  INFO 2288 --- [main] o.a.c.c.C.[Tomcat].[localhost].[/]       : Initializing Spring embedded WebApplicationContext
2021-09-08 08:29:44.979  INFO 2288 --- [main] w.s.c.ServletWebServerApplicationContext : Root WebApplicationContext: initialization completed in 12800 ms
2021-09-08 08:29:46.040  INFO 2288 --- [main] o.hibernate.jpa.internal.util.LogHelper  : HHH000204: Processing PersistenceUnitInfo [name: default]
2021-09-08 08:29:46.333  INFO 2288 --- [main] org.hibernate.Version                    : HHH000412: Hibernate ORM core version 5.4.32.Final
2021-09-08 08:29:47.562  INFO 2288 --- [main] o.hibernate.annotations.common.Version   : HCANN000001: Hibernate Commons Annotations {5.1.2.Final}
2021-09-08 08:29:48.049  INFO 2288 --- [main] com.zaxxer.hikari.HikariDataSource       : HikariPool-1 - Starting...
2021-09-08 08:29:48.055  WARN 2288 --- [main] com.zaxxer.hikari.util.DriverDataSource  : Registered driver with driverClassName=com.mysql.jdbc.Driver was not found, trying direct instantiation.
2021-09-08 08:29:55.337  INFO 2288 --- [main] com.zaxxer.hikari.HikariDataSource       : HikariPool-1 - Start completed.
2021-09-08 08:29:55.844  INFO 2288 --- [main] org.hibernate.dialect.Dialect            : HHH000400: Using dialect: org.hibernate.dialect.MySQL5InnoDBDialect
2021-09-08 08:30:08.370  INFO 2288 --- [main] o.h.e.t.j.p.i.JtaPlatformInitiator       : HHH000490: Using JtaPlatform implementation: [org.hibernate.engine.transaction.jta.platform.internal.NoJtaPlatform]
2021-09-08 08:30:08.610  INFO 2288 --- [main] j.LocalContainerEntityManagerFactoryBean : Initialized JPA EntityManagerFactory for persistence unit 'default'
2021-09-08 08:30:10.091  WARN 2288 --- [main] JpaBaseConfiguration$JpaWebConfiguration : spring.jpa.open-in-view is enabled by default. Therefore, database queries may be performed during view rendering. Explicitly configure spring.jpa.open-in-view to disable this warning
2021-09-08 08:30:11.079  INFO 2288 --- [main] .s.s.UserDetailsServiceAutoConfiguration : 

Using generated security password: d36f670d-e5ba-4f94-b915-de2ec28f5532

2021-09-08 08:30:11.554  INFO 2288 --- [main] o.s.s.web.DefaultSecurityFilterChain     : Will secure any request with [org.springframework.security.web.context.request.async.WebAsyncManagerIntegrationFilter@151d216e, org.springframework.security.web.context.SecurityContextPersistenceFilter@c7443f, org.springframework.security.web.header.HeaderWriterFilter@3aa8c337, org.springframework.security.web.csrf.CsrfFilter@7fe0ca60, org.springframework.security.web.authentication.logout.LogoutFilter@192ecf8, org.springframework.security.web.authentication.UsernamePasswordAuthenticationFilter@10b5ff4d, org.springframework.security.web.authentication.ui.DefaultLoginPageGeneratingFilter@2a7392a3, org.springframework.security.web.authentication.ui.DefaultLogoutPageGeneratingFilter@1018f702, org.springframework.security.web.authentication.www.BasicAuthenticationFilter@4880a9d, org.springframework.security.web.savedrequest.RequestCacheAwareFilter@1c528f2f, org.springframework.security.web.servletapi.SecurityContextHolderAwareRequestFilter@79b0956e, org.springframework.security.web.authentication.AnonymousAuthenticationFilter@5400db7e, org.springframework.security.web.session.SessionManagementFilter@6761f75b, org.springframework.security.web.access.ExceptionTranslationFilter@5216532a, org.springframework.security.web.access.intercept.FilterSecurityInterceptor@1ce8084a]
2021-09-08 08:30:12.088  INFO 2288 --- [main] o.s.b.w.embedded.tomcat.TomcatWebServer  : Tomcat started on port(s): 8080 (http) with context path ''
2021-09-08 08:30:12.101  INFO 2288 --- [main] com.example.EMS_UST.EmsUstApplication    : Started EmsUstApplication in 45.502 seconds (JVM running for 49.939)
2021-09-08 08:30:32.197  INFO 2288 --- [http-nio-8080-exec-2] o.a.c.c.C.[Tomcat].[localhost].[/]       : Initializing Spring DispatcherServlet 'dispatcherServlet'
2021-09-08 08:30:32.198  INFO 2288 --- [http-nio-8080-exec-2] o.s.web.servlet.DispatcherServlet        : Initializing Servlet 'dispatcherServlet'
2021-09-08 08:30:32.201  INFO 2288 --- [http-nio-8080-exec-2] o.s.web.servlet.DispatcherServlet        : Completed initialization in 3 ms
2021-09-08 08:30:32.467  WARN 2288 --- [http-nio-8080-exec-2] o.a.c.util.SessionIdGeneratorBase        : Creation of SecureRandom instance for session ID generation using [SHA1PRNG] took [133] milliseconds.
2021-09-08 08:33:36.587  INFO 2288 --- [RMI TCP Connection(8)-127.0.0.1] inMXBeanRegistrar$SpringApplicationAdmin : Application shutdown requested.
2021-09-08 08:33:36.650  INFO 2288 --- [RMI TCP Connection(8)-127.0.0.1] j.LocalContainerEntityManagerFactoryBean : Closing JPA EntityManagerFactory for persistence unit 'default'
2021-09-08 08:33:36.652  INFO 2288 --- [RMI TCP Connection(8)-127.0.0.1] com.zaxxer.hikari.HikariDataSource       : HikariPool-1 - Shutdown initiated...
2021-09-08 08:33:36.810  INFO 2288 --- [RMI TCP Connection(8)-127.0.0.1] com.zaxxer.hikari.HikariDataSource       : HikariPool-1 - Shutdown completed.
2021-09-08 08:36:05.742  INFO 7120 --- [main] com.example.EMS_UST.EmsUstApplication    : Starting EmsUstApplication using Java 16.0.1 on LAPTOP-PPBK2V0A with PID 7120 (D:\EMS_UST\target\classes started by AMITHA in D:\EMS_UST)
2021-09-08 08:36:05.773  INFO 7120 --- [main] com.example.EMS_UST.EmsUstApplication    : No active profile set, falling back to default profiles: default
2021-09-08 08:36:10.682  INFO 7120 --- [main] .s.d.r.c.RepositoryConfigurationDelegate : Bootstrapping Spring Data JPA repositories in DEFAULT mode.
2021-09-08 08:36:10.803  INFO 7120 --- [main] .s.d.r.c.RepositoryConfigurationDelegate : Finished Spring Data repository scanning in 107 ms. Found 1 JPA repository interfaces.
2021-09-08 08:36:12.755  INFO 7120 --- [main] o.s.b.w.embedded.tomcat.TomcatWebServer  : Tomcat initialized with port(s): 8080 (http)
2021-09-08 08:36:12.789  INFO 7120 --- [main] o.apache.catalina.core.StandardService   : Starting service [Tomcat]
2021-09-08 08:36:12.789  INFO 7120 --- [main] org.apache.catalina.core.StandardEngine  : Starting Servlet engine: [Apache Tomcat/9.0.52]
2021-09-08 08:36:13.033  INFO 7120 --- [main] o.a.c.c.C.[Tomcat].[localhost].[/]       : Initializing Spring embedded WebApplicationContext
2021-09-08 08:36:13.034  INFO 7120 --- [main] w.s.c.ServletWebServerApplicationContext : Root WebApplicationContext: initialization completed in 6975 ms
2021-09-08 08:36:13.719  INFO 7120 --- [main] o.hibernate.jpa.internal.util.LogHelper  : HHH000204: Processing PersistenceUnitInfo [name: default]
2021-09-08 08:36:14.192  INFO 7120 --- [main] org.hibernate.Version                    : HHH000412: Hibernate ORM core version 5.4.32.Final
2021-09-08 08:36:14.704  INFO 7120 --- [main] o.hibernate.annotations.common.Version   : HCANN000001: Hibernate Commons Annotations {5.1.2.Final}
2021-09-08 08:36:15.091  INFO 7120 --- [main] com.zaxxer.hikari.HikariDataSource       : HikariPool-1 - Starting...
2021-09-08 08:36:15.107  WARN 7120 --- [main] com.zaxxer.hikari.util.DriverDataSource  : Registered driver with driverClassName=com.mysql.jdbc.Driver was not found, trying direct instantiation.
2021-09-08 08:36:16.630  INFO 7120 --- [main] com.zaxxer.hikari.HikariDataSource       : HikariPool-1 - Start completed.
2021-09-08 08:36:16.696  INFO 7120 --- [main] org.hibernate.dialect.Dialect            : HHH000400: Using dialect: org.hibernate.dialect.MySQL5InnoDBDialect
2021-09-08 08:36:20.503  INFO 7120 --- [main] o.h.e.t.j.p.i.JtaPlatformInitiator       : HHH000490: Using JtaPlatform implementation: [org.hibernate.engine.transaction.jta.platform.internal.NoJtaPlatform]
2021-09-08 08:36:20.542  INFO 7120 --- [main] j.LocalContainerEntityManagerFactoryBean : Initialized JPA EntityManagerFactory for persistence unit 'default'
2021-09-08 08:36:21.211  WARN 7120 --- [main] JpaBaseConfiguration$JpaWebConfiguration : spring.jpa.open-in-view is enabled by default. Therefore, database queries may be performed during view rendering. Explicitly configure spring.jpa.open-in-view to disable this warning
2021-09-08 08:36:22.714  INFO 7120 --- [main] o.s.s.web.DefaultSecurityFilterChain     : Will secure any request with [org.springframework.security.web.context.request.async.WebAsyncManagerIntegrationFilter@cce92b5, org.springframework.security.web.context.SecurityContextPersistenceFilter@4946dfde, org.springframework.security.web.header.HeaderWriterFilter@4bcf08ae, org.springframework.security.web.csrf.CsrfFilter@43e2b8da, org.springframework.security.web.authentication.logout.LogoutFilter@3741071d, org.springframework.security.web.authentication.UsernamePasswordAuthenticationFilter@533e8807, org.springframework.security.web.authentication.ui.DefaultLoginPageGeneratingFilter@71891d6b, org.springframework.security.web.authentication.ui.DefaultLogoutPageGeneratingFilter@2202c92f, org.springframework.security.web.authentication.www.BasicAuthenticationFilter@6aa18912, org.springframework.security.web.savedrequest.RequestCacheAwareFilter@794f937a, org.springframework.security.web.servletapi.SecurityContextHolderAwareRequestFilter@4e25282d, org.springframework.security.web.authentication.AnonymousAuthenticationFilter@440d2d64, org.springframework.security.web.session.SessionManagementFilter@1ac2829e, org.springframework.security.web.access.ExceptionTranslationFilter@152dbf8e, org.springframework.security.web.access.intercept.FilterSecurityInterceptor@41948c13]
2021-09-08 08:36:22.999  INFO 7120 --- [main] o.s.b.w.embedded.tomcat.TomcatWebServer  : Tomcat started on port(s): 8080 (http) with context path ''
2021-09-08 08:36:23.013  INFO 7120 --- [main] com.example.EMS_UST.EmsUstApplication    : Started EmsUstApplication in 19.046 seconds (JVM running for 23.517)
2021-09-08 08:37:23.927  INFO 7120 --- [http-nio-8080-exec-2] o.a.c.c.C.[Tomcat].[localhost].[/]       : Initializing Spring DispatcherServlet 'dispatcherServlet'
2021-09-08 08:37:23.927  INFO 7120 --- [http-nio-8080-exec-2] o.s.web.servlet.DispatcherServlet        : Initializing Servlet 'dispatcherServlet'
2021-09-08 08:37:23.930  INFO 7120 --- [http-nio-8080-exec-2] o.s.web.servlet.DispatcherServlet        : Completed initialization in 3 ms
2021-09-08 08:38:39.806  INFO 7120 --- [RMI TCP Connection(5)-127.0.0.1] inMXBeanRegistrar$SpringApplicationAdmin : Application shutdown requested.
2021-09-08 08:38:40.123  INFO 7120 --- [RMI TCP Connection(5)-127.0.0.1] j.LocalContainerEntityManagerFactoryBean : Closing JPA EntityManagerFactory for persistence unit 'default'
2021-09-08 08:38:40.267  INFO 7120 --- [RMI TCP Connection(5)-127.0.0.1] com.zaxxer.hikari.HikariDataSource       : HikariPool-1 - Shutdown initiated...
2021-09-08 08:38:40.562  INFO 7120 --- [RMI TCP Connection(5)-127.0.0.1] com.zaxxer.hikari.HikariDataSource       : HikariPool-1 - Shutdown completed.
